INFO:root:Opening image: C:\Project_In_BOX\Cloude_service\cloud_service\service_01\Capture.JPG
INFO:root:Cleare image from junk
INFO:root:Error! Check input file, it should be here: None
INFO:root:Create output file with text
INFO:root:Trying to write input text from C:\Project_In_BOX\Cloude_service\cloud_service\service_01\Output.txt: —Å–æ—Ö—Ä–∞–Ω–∏—Ç—å –Ω–µ–ª—å–∑—è —Ä–µ–¥–∞–∫—Ç–∏—Ä–æ–≤–∞—Ç—å
ERROR:root:Error at symbol Å: 
ERROR:root:Error at symbol æ: 
ERROR:root:Error at symbol Ö: 
ERROR:root:Error at symbol Ä: 
ERROR:root:Error at symbol ∞: 
ERROR:root:Error at symbol Ω: 
ERROR:root:Error at symbol Ç: 
ERROR:root:Error at symbol å: 
ERROR:root:Error at symbol Ω: 
ERROR:root:Error at symbol µ: 
ERROR:root:Error at symbol ª: 
ERROR:root:Error at symbol å: 
ERROR:root:Error at symbol ∑: 
ERROR:root:Error at symbol è: 
ERROR:root:Error at symbol Ä: 
ERROR:root:Error at symbol µ: 
ERROR:root:Error at symbol ¥: 
ERROR:root:Error at symbol ∞: 
ERROR:root:Error at symbol ∫: 
ERROR:root:Error at symbol Ç: 
ERROR:root:Error at symbol Ä: 
ERROR:root:Error at symbol æ: 
ERROR:root:Error at symbol ≤: 
ERROR:root:Error at symbol ∞: 
ERROR:root:Error at symbol Ç: 
ERROR:root:Error at symbol å: 
INFO:root:Writing output sound at file: Output_PooP.wav
INFO:root:Successful writed output sound at file: Output_PooP.wav
